This is pdfTeX, Version 3.1415926-1.40.10 (TeX Live 2009/Debian) (format=latex 2012.12.9)  19 JUN 2013 17:34
entering extended mode
 %&-line parsing enabled.
**IISWC13.tex
(./IISWC13.tex
LaTeX2e <2009/09/24>
Babel <v3.8l> and hyphenation patterns for english, usenglishmax, dumylang, noh
yphenation, loaded.
(./IEEEtran.cls
Document Class: IEEEtran 2012/11/21 V1.8c by Harald Hanche-Olsen and Anders Chr
istensen
-- Based on V1.7a by Michael Shell
-- See the "IEEEtran_HOWTO" manual for usage information.
-- http://www.michaelshell.org/tex/ieeetran/
\@IEEEtrantmpdimenA=\dimen102
\@IEEEtrantmpdimenB=\dimen103
\@IEEEtrantmpcountA=\count79
\@IEEEtrantmpcountB=\count80
\@IEEEtrantmptoksA=\toks14
LaTeX Font Info:    Try loading font information for OT1+ptm on input line 369.

(/usr/share/texmf-texlive/tex/latex/psnfss/ot1ptm.fd
File: ot1ptm.fd 2001/06/04 font definitions for OT1/ptm.
)
-- Using 8.5in x 11in (letter) paper.
-- Using DVI output.
\@IEEEnormalsizeunitybaselineskip=\dimen104
-- This is a 10 point document.
\CLASSINFOnormalsizebaselineskip=\dimen105
\CLASSINFOnormalsizeunitybaselineskip=\dimen106
\IEEEnormaljot=\dimen107
LaTeX Font Info:    Font shape `OT1/ptm/bx/n' in size <5> not available
(Font)              Font shape `OT1/ptm/b/n' tried instead on input line 727.
LaTeX Font Info:    Font shape `OT1/ptm/bx/it' in size <5> not available
(Font)              Font shape `OT1/ptm/b/it' tried instead on input line 727.
LaTeX Font Info:    Font shape `OT1/ptm/bx/n' in size <7> not available
(Font)              Font shape `OT1/ptm/b/n' tried instead on input line 727.
LaTeX Font Info:    Font shape `OT1/ptm/bx/it' in size <7> not available
(Font)              Font shape `OT1/ptm/b/it' tried instead on input line 727.
LaTeX Font Info:    Font shape `OT1/ptm/bx/n' in size <8> not available
(Font)              Font shape `OT1/ptm/b/n' tried instead on input line 727.
LaTeX Font Info:    Font shape `OT1/ptm/bx/it' in size <8> not available
(Font)              Font shape `OT1/ptm/b/it' tried instead on input line 727.
LaTeX Font Info:    Font shape `OT1/ptm/bx/n' in size <9> not available
(Font)              Font shape `OT1/ptm/b/n' tried instead on input line 727.
LaTeX Font Info:    Font shape `OT1/ptm/bx/it' in size <9> not available
(Font)              Font shape `OT1/ptm/b/it' tried instead on input line 727.
LaTeX Font Info:    Font shape `OT1/ptm/bx/n' in size <10> not available
(Font)              Font shape `OT1/ptm/b/n' tried instead on input line 727.
LaTeX Font Info:    Font shape `OT1/ptm/bx/it' in size <10> not available
(Font)              Font shape `OT1/ptm/b/it' tried instead on input line 727.
LaTeX Font Info:    Font shape `OT1/ptm/bx/n' in size <11> not available
(Font)              Font shape `OT1/ptm/b/n' tried instead on input line 727.
LaTeX Font Info:    Font shape `OT1/ptm/bx/it' in size <11> not available
(Font)              Font shape `OT1/ptm/b/it' tried instead on input line 727.
LaTeX Font Info:    Font shape `OT1/ptm/bx/n' in size <12> not available
(Font)              Font shape `OT1/ptm/b/n' tried instead on input line 727.
LaTeX Font Info:    Font shape `OT1/ptm/bx/it' in size <12> not available
(Font)              Font shape `OT1/ptm/b/it' tried instead on input line 727.
LaTeX Font Info:    Font shape `OT1/ptm/bx/n' in size <17> not available
(Font)              Font shape `OT1/ptm/b/n' tried instead on input line 727.
LaTeX Font Info:    Font shape `OT1/ptm/bx/it' in size <17> not available
(Font)              Font shape `OT1/ptm/b/it' tried instead on input line 727.
LaTeX Font Info:    Font shape `OT1/ptm/bx/n' in size <20> not available
(Font)              Font shape `OT1/ptm/b/n' tried instead on input line 727.
LaTeX Font Info:    Font shape `OT1/ptm/bx/it' in size <20> not available
(Font)              Font shape `OT1/ptm/b/it' tried instead on input line 727.
LaTeX Font Info:    Font shape `OT1/ptm/bx/n' in size <24> not available
(Font)              Font shape `OT1/ptm/b/n' tried instead on input line 727.
LaTeX Font Info:    Font shape `OT1/ptm/bx/it' in size <24> not available
(Font)              Font shape `OT1/ptm/b/it' tried instead on input line 727.
\IEEEilabelindentA=\dimen108
\IEEEilabelindentB=\dimen109
\IEEEilabelindent=\dimen110
\IEEEelabelindent=\dimen111
\IEEEdlabelindent=\dimen112
\IEEElabelindent=\dimen113
\IEEEiednormlabelsep=\dimen114
\IEEEiedmathlabelsep=\dimen115
\IEEEiedtopsep=\skip41
\c@section=\count81
\c@subsection=\count82
\c@subsubsection=\count83
\c@paragraph=\count84
\c@IEEEsubequation=\count85
\abovecaptionskip=\skip42
\belowcaptionskip=\skip43
\c@figure=\count86
\c@table=\count87
\@IEEEeqnnumcols=\count88
\@IEEEeqncolcnt=\count89
\@IEEEtmpitemindent=\dimen116
\c@IEEEbiography=\count90
\@IEEEtranrubishbin=\box26
) (/usr/share/texmf-texlive/tex/latex/graphics/graphicx.sty
Package: graphicx 1999/02/16 v1.0f Enhanced LaTeX Graphics (DPC,SPQR)

(/usr/share/texmf-texlive/tex/latex/graphics/keyval.sty
Package: keyval 1999/03/16 v1.13 key=value parser (DPC)
\KV@toks@=\toks15
)
(/usr/share/texmf-texlive/tex/latex/graphics/graphics.sty
Package: graphics 2009/02/05 v1.0o Standard LaTeX Graphics (DPC,SPQR)

(/usr/share/texmf-texlive/tex/latex/graphics/trig.sty
Package: trig 1999/03/16 v1.09 sin cos tan (DPC)
)
(/etc/texmf/tex/latex/config/graphics.cfg
File: graphics.cfg 2009/08/28 v1.8 graphics configuration of TeX Live
)
Package graphics Info: Driver file: dvips.def on input line 91.

(/usr/share/texmf-texlive/tex/latex/graphics/dvips.def
File: dvips.def 1999/02/16 v3.0i Driver-dependant file (DPC,SPQR)
))
\Gin@req@height=\dimen117
\Gin@req@width=\dimen118
)
(/usr/share/texmf-texlive/tex/latex/subfig/subfig.sty
Package: subfig 2005/06/28 ver: 1.3 subfig package

(/usr/share/texmf-texlive/tex/latex/caption/caption.sty
Package: caption 2009/10/09 v3.1k Customizing captions (AR)

(/usr/share/texmf-texlive/tex/latex/caption/caption3.sty
Package: caption3 2009/10/09 v3.1k caption3 kernel (AR)
\captionmargin=\dimen119
\captionmargin@=\dimen120
\captionwidth=\dimen121
\caption@indent=\dimen122
\caption@parindent=\dimen123
\caption@hangindent=\dimen124
Package caption Info: Unknown document class (or package),
(caption)             standard defaults will be used on input line 1068.
)

Package caption Warning: Unsupported document class (or package) detected,
(caption)                usage of the caption package is not recommended.
See the caption package documentation for explanation.

Package caption Info: \@makecaption = \long macro:#1#2->\ifx \@captype \@IEEEta
blestring \footnotesize {\centering \normalfont \footnotesize #1.\qquad \scshap
e #2\par }\@IEEEtablecaptionsepspace \else \@IEEEfigurecaptionsepspace \setbox 
\@tempboxa \hbox {\normalfont \footnotesize {#1.}~~ #2}\ifdim \wd \@tempboxa >\
hsize \setbox \@tempboxa \hbox {\normalfont \footnotesize {#1.}~~ }\parbox [t]{
\hsize }{\normalfont \footnotesize \noindent \unhbox \@tempboxa #2}\else \ifCLA
SSOPTIONconference \hbox to\hsize {\normalfont \footnotesize \box \@tempboxa \h
fil }\else \hbox to\hsize {\normalfont \footnotesize \box \@tempboxa \hfil }\fi
 \fi \fi .
\c@ContinuedFloat=\count91
)
\c@KVtest=\count92
\sf@farskip=\skip44
\sf@captopadj=\dimen125
\sf@capskip=\skip45
\sf@nearskip=\skip46
\c@subfigure=\count93
\c@subfigure@save=\count94
\c@lofdepth=\count95
\c@subtable=\count96
\c@subtable@save=\count97
\c@lotdepth=\count98
\sf@top=\skip47
\sf@bottom=\skip48
) (./IISWC13.aux)
\openout1 = `IISWC13.aux'.

LaTeX Font Info:    Checking defaults for OML/cmm/m/it on input line 265.
LaTeX Font Info:    ... okay on input line 265.
LaTeX Font Info:    Checking defaults for T1/cmr/m/n on input line 265.
LaTeX Font Info:    ... okay on input line 265.
LaTeX Font Info:    Checking defaults for OT1/cmr/m/n on input line 265.
LaTeX Font Info:    ... okay on input line 265.
LaTeX Font Info:    Checking defaults for OMS/cmsy/m/n on input line 265.
LaTeX Font Info:    ... okay on input line 265.
LaTeX Font Info:    Checking defaults for OMX/cmex/m/n on input line 265.
LaTeX Font Info:    ... okay on input line 265.
LaTeX Font Info:    Checking defaults for U/cmr/m/n on input line 265.
LaTeX Font Info:    ... okay on input line 265.
Package caption Info: Begin \AtBeginDocument code.
Package caption3 Info: subfig package 1.2 or 1.3 is loaded.
LaTeX Info: Redefining \subref on input line 265.
Package caption Info: End \AtBeginDocument code.


LaTeX Warning: No \author given.


LaTeX Warning: Citation `androidship' on page 1 undefined on input line 355.


LaTeX Warning: Citation `optihetero' on page 1 undefined on input line 384.


LaTeX Warning: Citation `intel' on page 1 undefined on input line 388.


LaTeX Warning: Citation `amdcor' on page 1 undefined on input line 388.


LaTeX Warning: Citation `snarf' on page 1 undefined on input line 393.


LaTeX Warning: Citation `amazon' on page 1 undefined on input line 394.


LaTeX Warning: Citation `rcuda' on page 1 undefined on input line 432.


LaTeX Warning: Citation `vocl' on page 1 undefined on input line 432.


Underfull \vbox (badness 10000) has occurred while \output is active []

 [1


]

LaTeX Warning: Citation `atom' on page 2 undefined on input line 506.


LaTeX Warning: Citation `nvidia' on page 2 undefined on input line 513.


LaTeX Warning: Citation `powerefficiency' on page 2 undefined on input line 516
.

File: Figure/figure1.eps Graphic file (type eps)
<Figure/figure1.eps>

LaTeX Warning: Citation `streamprocessor' on page 2 undefined on input line 630
.

LaTeX Font Info:    External font `cmex10' loaded for size
(Font)              <7> on input line 747.
LaTeX Font Info:    External font `cmex10' loaded for size
(Font)              <5> on input line 747.
[2]
Underfull \vbox (badness 10000) has occurred while \output is active []

 [3]
File: Figure/figure2-a.eps Graphic file (type eps)

<Figure/figure2-a.eps>
File: Figure/figure2-b.eps Graphic file (type eps)
 <Figure/figure2-b.eps>

LaTeX Warning: `h' float specifier changed to `ht'.


LaTeX Warning: Citation `tc' on page 4 undefined on input line 887.

[4]

LaTeX Warning: Citation `amd' on page 5 undefined on input line 901.


LaTeX Warning: Citation `nvidia' on page 5 undefined on input line 901.

File: Figure/figure5-a.eps Graphic file (type eps)
<Figure/figure5-a.eps>
File: Figure/figure5-b.eps Graphic file (type eps)
 <Figure/figure5-b.eps>
File: Figure/figure5-c.eps Graphic file (type eps)
 <Figure/figure5-c.eps>
File: Figure/figure5-d.eps Graphic file (type eps)

<Figure/figure5-d.eps>
Underfull \hbox (badness 10000) in paragraph at lines 900--1051

 []


Underfull \hbox (badness 10000) in paragraph at lines 900--1051
\OT1/ptm/b/it/10 ``The more computation- and less communication-
 []


Underfull \hbox (badness 10000) in paragraph at lines 900--1051

 []


Underfull \hbox (badness 1552) in paragraph at lines 900--1051
\OT1/ptm/m/n/10 com-pu-ta-tion to com-mu-ni-ca-tion ra-tio is a com-pre-hen-siv
e
 []


Underfull \hbox (badness 1694) in paragraph at lines 900--1051
\OT1/ptm/m/n/10 Markov model, and \OT1/ptm/m/it/10 N\OT1/ptm/m/n/10 -body physi
cs used by a va-ri-ety
 []


Underfull \hbox (badness 2020) in paragraph at lines 900--1051
\OT1/ptm/m/n/10 of ar-eas such as im-age pro-cess-ing, physics sim-u-la-tion,
 []


Underfull \hbox (badness 1527) in paragraph at lines 900--1051
\OT1/ptm/m/n/10 the pro-gram-ming flow of the application-layer for each
 []


Underfull \hbox (badness 1675) in paragraph at lines 900--1051
\OT1/ptm/m/n/10 sta-tis-ti-cal tool for mod-el-ing gen-er-a-tive se-quences whi
ch
 []

[5]
File: Figure/figure3-a.eps Graphic file (type eps)
 <Figure/figure3-a.eps>
File: Figure/figure3-b.eps Graphic file (type eps)
 <Figure/figure3-b.eps>
File: Figure/figure3-c.eps Graphic file (type eps)
 <Figure/figure3-c.eps>
File: Figure/figure3-d.eps Graphic file (type eps)

<Figure/figure3-d.eps>
File: Figure/figure4-a.eps Graphic file (type eps)
 <Figure/figure4-a.eps>
File: Figure/figure4-b.eps Graphic file (type eps)
 <Figure/figure4-b.eps>
File: Figure/figure4-c.eps Graphic file (type eps)

<Figure/figure4-c.eps>
File: Figure/figure4-d.eps Graphic file (type eps)
 <Figure/figure4-d.eps> [6] [7]

LaTeX Warning: Citation `powertutor' on page 8 undefined on input line 1249.


LaTeX Warning: Citation `fullsystem' on page 8 undefined on input line 1283.


LaTeX Warning: Citation `mevbench' on page 8 undefined on input line 1295.


LaTeX Warning: Citation `characterization' on page 8 undefined on input line 13
07.


LaTeX Warning: Citation `spectra' on page 8 undefined on input line 1329.


LaTeX Warning: Citation `maui' on page 8 undefined on input line 1336.


LaTeX Warning: Citation `cuckoo' on page 8 undefined on input line 1344.


LaTeX Warning: Citation `clonecloud' on page 8 undefined on input line 1349.


LaTeX Warning: Citation `rcuda' on page 8 undefined on input line 1360.


LaTeX Warning: Citation `vocl' on page 8 undefined on input line 1367.

[8] (./IISWC13.bbl
LaTeX Font Info:    External font `cmex10' loaded for size
(Font)              <8> on input line 71.
LaTeX Font Info:    External font `cmex10' loaded for size
(Font)              <6> on input line 71.


LaTeX Warning: Command \textregistered invalid in math mode on input line 71.


LaTeX Warning: Command \textcircled invalid in math mode on input line 71.

LaTeX Font Info:    Try loading font information for OMS+ptm on input line 71.
(/usr/share/texmf-texlive/tex/latex/psnfss/omsptm.fd
File: omsptm.fd 
)
LaTeX Font Info:    Font shape `OMS/ptm/m/n' in size <8> not available
(Font)              Font shape `OMS/cmsy/m/n' tried instead on input line 71.


LaTeX Warning: Command \textcircled invalid in math mode on input line 71.


Underfull \hbox (badness 7486) in paragraph at lines 71--75
[]\OT1/ptm/m/n/8 ``Intel$[]$ atom pro-ces-sor.'' [On-line]. Avail-able:
 []


Underfull \hbox (badness 10000) in paragraph at lines 71--75
\OT1/ptm/m/n/8 http://www.intel.com/content/www/us/en/processors/atom/atom-
 []

[9])

** Conference Paper **
Before submitting the final camera ready copy, remember to:

 1. Manually equalize the lengths of two columns on the last page
 of your paper;

 2. Ensure that any PostScript and/or PDF output post-processing
 uses only Type 1 fonts and that every step in the generation
 process uses the appropriate paper size.

[10

] (./IISWC13.aux)

LaTeX Warning: There were undefined references.


LaTeX Warning: Label(s) may have changed. Rerun to get cross-references right.

 ) 
Here is how much of TeX's memory you used:
 2415 strings out of 495062
 40441 string characters out of 1182644
 129136 words of memory out of 3000000
 5612 multiletter control sequences out of 15000+50000
 27686 words of font info for 62 fonts, out of 3000000 for 9000
 31 hyphenation exceptions out of 8191
 44i,16n,45p,238b,423s stack positions out of 5000i,500n,10000p,200000b,50000s

Output written on IISWC13.dvi (10 pages, 70268 bytes).
